<?xml version="1.0" encoding="UTF-8"?>
<!-- Generated by org.testng.reporters.JUnitReportReporter -->
<testsuite hostname="LAPTOP-O8E4O3S8" failures="0" tests="11" name="Tide.Tide" time="-1659530752.000" errors="1" timestamp="2022-08-03T18:15:35 IST" skipped="10">
  <testcase classname="Tide.Tide" name="driverconfig" time="-1659530752.000">
    <error message="
Parameter &#039;browser&#039; is required by BeforeClass on method driverconfig but has not been marked @Optional or defined
in C:\Users\91849\AppData\Local\Temp\testng-eclipse--1609548024\testng-customsuite.xml" type="org.testng.TestNGException">
      <![CDATA[org.testng.TestNGException: 
Parameter 'browser' is required by BeforeClass on method driverconfig but has not been marked @Optional or defined
in C:\Users\91849\AppData\Local\Temp\testng-eclipse--1609548024\testng-customsuite.xml
at org.testng.internal.Parameters.createParams(Parameters.java:270)
at org.testng.internal.Parameters.createParametersForMethod(Parameters.java:358)
at org.testng.internal.Parameters.createParameters(Parameters.java:700)
at org.testng.internal.Parameters.createConfigurationParameters(Parameters.java:168)
at org.testng.internal.ConfigInvoker.invokeConfigurations(ConfigInvoker.java:302)
at org.testng.internal.TestMethodWorker.invokeBeforeClassMethods(TestMethodWorker.java:176)
at org.testng.internal.TestMethodWorker.run(TestMethodWorker.java:122)
at java.base/java.util.ArrayList.forEach(ArrayList.java:1511)
at org.testng.TestRunner.privateRun(TestRunner.java:794)
at org.testng.TestRunner.run(TestRunner.java:596)
at org.testng.SuiteRunner.runTest(SuiteRunner.java:377)
at org.testng.SuiteRunner.runSequentially(SuiteRunner.java:371)
at org.testng.SuiteRunner.privateRun(SuiteRunner.java:332)
at org.testng.SuiteRunner.run(SuiteRunner.java:276)
at org.testng.SuiteRunnerWorker.runSuite(SuiteRunnerWorker.java:53)
at org.testng.SuiteRunnerWorker.run(SuiteRunnerWorker.java:96)
at org.testng.TestNG.runSuitesSequentially(TestNG.java:1212)
at org.testng.TestNG.runSuitesLocally(TestNG.java:1134)
at org.testng.TestNG.runSuites(TestNG.java:1063)
at org.testng.TestNG.run(TestNG.java:1031)
at org.testng.remote.AbstractRemoteTestNG.run(AbstractRemoteTestNG.java:115)
at org.testng.remote.RemoteTestNG.initAndRun(RemoteTestNG.java:251)
at org.testng.remote.RemoteTestNG.main(RemoteTestNG.java:77)
]]>
    </error>
  </testcase> <!-- driverconfig -->
  <system-out/>
  <testcase classname="Tide.Tide" name="Products" time="0.000">
    <skipped/>
  </testcase> <!-- Products -->
  <system-out/>
  <testcase classname="Tide.Tide" name="shop" time="0.000">
    <skipped/>
  </testcase> <!-- shop -->
  <system-out/>
  <testcase classname="Tide.Tide" name="white" time="0.000">
    <skipped/>
  </testcase> <!-- white -->
  <system-out/>
  <testcase classname="Tide.Tide" name="whites" time="0.000">
    <skipped/>
  </testcase> <!-- whites -->
  <system-out/>
  <testcase classname="Tide.Tide" name="text" time="0.000">
    <skipped/>
  </testcase> <!-- text -->
  <system-out/>
  <testcase classname="Tide.Tide" name="srh" time="0.000">
    <skipped/>
  </testcase> <!-- srh -->
  <system-out/>
  <testcase classname="Tide.Tide" name="liquid" time="0.000">
    <skipped/>
  </testcase> <!-- liquid -->
  <system-out/>
  <testcase classname="Tide.Tide" name="liqtext" time="0.000">
    <skipped/>
  </testcase> <!-- liqtext -->
  <system-out/>
  <testcase classname="Tide.Tide" name="livetest" time="0.000">
    <skipped/>
  </testcase> <!-- livetest -->
  <system-out/>
  <testcase classname="Tide.Tide" name="livechat" time="0.000">
    <skipped/>
  </testcase> <!-- livechat -->
  <system-out/>
</testsuite> <!-- Tide.Tide -->
